0 info it worked if it ends with ok
1 verbose cli [ '/usr/bin/node',
1 verbose cli   '/var/www/app/node_modules/.bin/npm',
1 verbose cli   'run',
1 verbose cli   'go' ]
2 info using npm@3.9.2
3 info using node@v8.0.0
4 warn invalid config loglevel="notice"
5 verbose run-script [ 'prego', 'go', 'postgo' ]
6 info lifecycle docker-workshop@1.0.0~prego: docker-workshop@1.0.0
7 silly lifecycle docker-workshop@1.0.0~prego: no script for prego, continuing
8 info lifecycle docker-workshop@1.0.0~go: docker-workshop@1.0.0
9 verbose lifecycle docker-workshop@1.0.0~go: unsafe-perm in lifecycle true
10 verbose lifecycle docker-workshop@1.0.0~go: PATH: /var/www/app/node_modules/npm/bin/node-gyp-bin:/var/www/app/node_modules/.bin:/usr/bin:/usr/lib/node_modules/npm/bin/node-gyp-bin:/var/www/app/node_modules/.bin:/usr/local/sbin:/usr/local/bin:/usr/sbin:/usr/bin:/sbin:/bin
11 verbose lifecycle docker-workshop@1.0.0~go: CWD: /var/www/app
12 silly lifecycle docker-workshop@1.0.0~go: Args: [ '-c', 'go run main.go' ]
13 silly lifecycle docker-workshop@1.0.0~go: Returned: code: 1  signal: null
14 info lifecycle docker-workshop@1.0.0~go: Failed to exec go script
15 verbose stack Error: docker-workshop@1.0.0 go: `go run main.go`
15 verbose stack Exit status 1
15 verbose stack     at EventEmitter.<anonymous> (/var/www/app/node_modules/npm/lib/utils/lifecycle.js:245:16)
15 verbose stack     at emitTwo (events.js:125:13)
15 verbose stack     at EventEmitter.emit (events.js:213:7)
15 verbose stack     at ChildProcess.<anonymous> (/var/www/app/node_modules/npm/lib/utils/spawn.js:24:14)
15 verbose stack     at emitTwo (events.js:125:13)
15 verbose stack     at ChildProcess.emit (events.js:213:7)
15 verbose stack     at maybeClose (internal/child_process.js:887:16)
15 verbose stack     at Process.ChildProcess._handle.onexit (internal/child_process.js:208:5)
16 verbose pkgid docker-workshop@1.0.0
17 verbose cwd /var/www/app
18 error Linux 4.9.27-moby
19 error argv "/usr/bin/node" "/var/www/app/node_modules/.bin/npm" "run" "go"
20 error node v8.0.0
21 error npm  v3.9.2
22 error code ELIFECYCLE
23 error docker-workshop@1.0.0 go: `go run main.go`
23 error Exit status 1
24 error Failed at the docker-workshop@1.0.0 go script 'go run main.go'.
24 error Make sure you have the latest version of node.js and npm installed.
24 error If you do, this is most likely a problem with the docker-workshop package,
24 error not with npm itself.
24 error Tell the author that this fails on your system:
24 error     go run main.go
24 error You can get information on how to open an issue for this project with:
24 error     npm bugs docker-workshop
24 error Or if that isn't available, you can get their info via:
24 error     npm owner ls docker-workshop
24 error There is likely additional logging output above.
25 verbose exit [ 1, true ]
